<?xml version="1.0" encoding="UTF-8" standalone="no"?>
<testsuite errors="0" failures="1" name="io.cucumber.core.plugin.JUnitFormatter" skipped="0" tests="1" time="26.456">
<testcase classname="Feature to test product stock in BestBuy" name="Verify stock in BestBuy for - Xbox Series S" time="26.287">
<failure message="" type="java.lang.AssertionError"><![CDATA[Given Browser is open - BestBuy.............................................passed
And User enters BestBuy homepage............................................passed
When User inputs a Xbox Series S in BestBuy search box......................passed
And User clicks BestBuy search button.......................................passed
And User clicks BestBuy Xbox Series S link..................................passed
Then User verifies Xbox Series S stock in BestBuy...........................failed

StackTrace:
java.lang.AssertionError
	at org.junit.Assert.fail(Assert.java:87)
	at org.junit.Assert.fail(Assert.java:96)
	at StepDefinitions.BestBuySteps.confirm_product_is_in_stock(BestBuySteps.java:113)
	at âœ½.User verifies Xbox Series S stock in BestBuy(file:///C:/Users/David/eclipse-workspace/ConsoleStockTracker/src/test/resources/Features/BestBuy.feature:11)
]]></failure>
</testcase>
</testsuite>
