<?xml version="1.0" encoding="UTF-8" standalone="no"?>
<testsuite errors="0" failures="0" name="io.cucumber.core.plugin.JUnitFormatter" skipped="0" tests="1" time="13.197">
<testcase classname="Feature to test product stock in Amazon" name="Verify stock in Amazon for - PlayStation 4" time="13.017">
<system-out><![CDATA[Given Browser is open - Amazon..............................................passed
And User enters Amazon homepage.............................................passed
When User inputs a PlayStation 4 in Amazon search box.......................passed
And User clicks Amazon search button........................................passed
And User is on Amazon PlayStation 4 results page............................passed
And User clicks Amazon PlayStation 4 link...................................passed
Then User verifies PlayStation 4 stock in Amazon............................passed
]]></system-out>
</testcase>
</testsuite>
